c:\users\user\documents\julia\ee309\informatica\versiones\pang\tmp\debug\vc141.pdb
c:\users\user\documents\julia\ee309\informatica\versiones\pang\tmp\debug\vc141.idb
c:\users\user\documents\julia\ee309\informatica\versiones\pang\tmp\debug\escenario.obj
c:\users\user\documents\julia\ee309\informatica\versiones\pang\tmp\debug\movil.obj
c:\users\user\documents\julia\ee309\informatica\versiones\pang\tmp\debug\mundo.obj
c:\users\user\documents\julia\ee309\informatica\versiones\pang\tmp\debug\objeto.obj
c:\users\user\documents\julia\ee309\informatica\versiones\pang\tmp\debug\pang.obj
c:\users\user\documents\julia\ee309\informatica\versiones\pang\tmp\debug\pared.obj
c:\users\user\documents\julia\ee309\informatica\versiones\pang\tmp\debug\personaje.obj
c:\users\user\documents\julia\ee309\informatica\versiones\pang\tmp\debug\plataforma.obj
c:\users\user\documents\julia\ee309\informatica\versiones\pang\tmp\debug\tono.obj
c:\users\user\documents\julia\ee309\informatica\versiones\pang\tmp\debug\vector2d.obj
c:\users\user\documents\julia\ee309\informatica\versiones\pang\tmp\debug\interaccion.obj
c:\users\user\documents\julia\ee309\informatica\versiones\pang\bin\pang.exe
c:\users\user\documents\julia\ee309\informatica\versiones\pang\bin\pang.ilk
c:\users\user\documents\julia\ee309\informatica\versiones\pang\bin\pang.pdb
c:\users\user\documents\julia\ee309\informatica\versiones\pang\tmp\debug\pang.tlog\cl.command.1.tlog
c:\users\user\documents\julia\ee309\informatica\versiones\pang\tmp\debug\pang.tlog\cl.read.1.tlog
c:\users\user\documents\julia\ee309\informatica\versiones\pang\tmp\debug\pang.tlog\cl.write.1.tlog
c:\users\user\documents\julia\ee309\informatica\versiones\pang\tmp\debug\pang.tlog\link.command.1.tlog
c:\users\user\documents\julia\ee309\informatica\versiones\pang\tmp\debug\pang.tlog\link.read.1.tlog
c:\users\user\documents\julia\ee309\informatica\versiones\pang\tmp\debug\pang.tlog\link.write.1.tlog
