  Personaje.cpp
c:\users\user\documents\github\juegoclase\src\personaje.cpp(64): warning C4996: 'itoa': The POSIX name for this item is deprecated. Instead, use the ISO C and C++ conformant name: _itoa. See online help for details.
  c:\program files (x86)\windows kits\10\include\10.0.16299.0\ucrt\stdlib.h(1334): note: vea la declaración de 'itoa'
  Mundo.cpp
c:\users\user\documents\github\juegoclase\src\mundo.cpp(66): warning C4996: 'strcpy': This function or variable may be unsafe. Consider using strcpy_s instead. To disable deprecation, use _CRT_SECURE_NO_WARNINGS. See online help for details.
  c:\program files (x86)\windows kits\10\include\10.0.16299.0\ucrt\string.h(132): note: vea la declaración de 'strcpy'
c:\users\user\documents\github\juegoclase\src\mundo.cpp(188): warning C4996: 'strcpy': This function or variable may be unsafe. Consider using strcpy_s instead. To disable deprecation, use _CRT_SECURE_NO_WARNINGS. See online help for details.
  c:\program files (x86)\windows kits\10\include\10.0.16299.0\ucrt\string.h(132): note: vea la declaración de 'strcpy'
c:\users\user\documents\github\juegoclase\src\mundo.cpp(194): warning C4996: 'strcpy': This function or variable may be unsafe. Consider using strcpy_s instead. To disable deprecation, use _CRT_SECURE_NO_WARNINGS. See online help for details.
  c:\program files (x86)\windows kits\10\include\10.0.16299.0\ucrt\string.h(132): note: vea la declaración de 'strcpy'
c:\users\user\documents\github\juegoclase\src\mundo.cpp(199): warning C4996: 'strcpy': This function or variable may be unsafe. Consider using strcpy_s instead. To disable deprecation, use _CRT_SECURE_NO_WARNINGS. See online help for details.
  c:\program files (x86)\windows kits\10\include\10.0.16299.0\ucrt\string.h(132): note: vea la declaración de 'strcpy'
c:\users\user\documents\github\juegoclase\src\mundo.cpp(205): warning C4996: 'strcpy': This function or variable may be unsafe. Consider using strcpy_s instead. To disable deprecation, use _CRT_SECURE_NO_WARNINGS. See online help for details.
  c:\program files (x86)\windows kits\10\include\10.0.16299.0\ucrt\string.h(132): note: vea la declaración de 'strcpy'
  Interaccion.cpp
c:\users\user\documents\github\juegoclase\src\interaccion.cpp(26): warning C4244: 'argumento': conversión de 'double' a 'float'; posible pérdida de datos
  EnemigoD.cpp
c:\users\user\documents\github\juegoclase\src\enemigod.cpp(12): warning C4244: 'argumento': conversión de 'double' a 'float'; posible pérdida de datos
  CoordinadorPang.cpp
c:\users\user\documents\github\juegoclase\src\coordinadorpang.cpp(174): warning C4244: 'argumento': conversión de 'float' a 'int'; posible pérdida de datos
c:\users\user\documents\github\juegoclase\src\coordinadorpang.cpp(175): warning C4244: 'argumento': conversión de 'float' a 'int'; posible pérdida de datos
c:\users\user\documents\github\juegoclase\src\coordinadorpang.cpp(176): warning C4244: 'argumento': conversión de 'float' a 'int'; posible pérdida de datos
  Generando código...
  Compilando...
  Transportable.cpp
  Pang.cpp
  Llave.cpp
  ListaEnemigos.cpp
c:\users\user\documents\github\juegoclase\src\listaenemigos.cpp(34): warning C4244: 'argumento': conversión de 'int' a 'float'; posible pérdida de datos
c:\users\user\documents\github\juegoclase\src\listaenemigos.cpp(22): warning C4996: 'strcpy': This function or variable may be unsafe. Consider using strcpy_s instead. To disable deprecation, use _CRT_SECURE_NO_WARNINGS. See online help for details.
  c:\program files (x86)\windows kits\10\include\10.0.16299.0\ucrt\string.h(132): note: vea la declaración de 'strcpy'
  ListaCajas.cpp
c:\users\user\documents\github\juegoclase\src\listacajas.cpp(48): warning C4551: la llamada a la función no tiene lista de argumentos
c:\users\user\documents\github\juegoclase\src\listacajas.cpp(33): warning C4996: 'strcpy': This function or variable may be unsafe. Consider using strcpy_s instead. To disable deprecation, use _CRT_SECURE_NO_WARNINGS. See online help for details.
  c:\program files (x86)\windows kits\10\include\10.0.16299.0\ucrt\string.h(132): note: vea la declaración de 'strcpy'
  Enemigo.cpp
  Box.cpp
  Generando código...
c:\users\user\documents\github\juegoclase\src\enemigo.cpp(60): warning C4715: 'Enemigo::Rebote_plat': no todas las rutas de acceso de control devuelven un valor
  Omitiendo... (no se detectaron cambios relevantes)
  Escenario.cpp
  Pang.vcxproj -> C:\Users\user\Documents\GitHub\JuegoClase\bin\Pang.exe
